<?xml version="1.0" encoding="UTF-8"?>
<!-- Generated by org.testng.reporters.JUnitReportReporter -->
<testsuite hostname="SDN-62" failures="0" tests="1" name="com.DemoBlaze.testClasses.IndexPageTest" time="0.121" errors="0" timestamp="2023-07-28T09:56:14 IST" skipped="0">
  <testcase classname="com.DemoBlaze.testClasses.IndexPageTest" name="VerifyUrlOfIndexPage" time="0.121"/>
  <system-out/>
</testsuite> <!-- com.DemoBlaze.testClasses.IndexPageTest -->
